<?xml version="1.0" encoding="UTF-8"?>
<!-- Generated by org.testng.reporters.JUnitXMLReporter -->
<testsuite hostname="HarithaPC" name="Property Search" tests="6" failures="0" timestamp="15 May 2018 01:05:12 GMT" time="44.287" errors="0">
  <testcase name="fileInfoTest" time="0.028" classname="com.identity.etoe.tests.FileInfoTest"/>
  <testcase name="vehicleRegDetailsTest" time="8.883" classname="com.identity.etoe.tests.VehicleRegDetailsTest"/>
  <testcase name="vehicleRegDetailsTest" time="8.603" classname="com.identity.etoe.tests.VehicleRegDetailsTest"/>
  <testcase name="vehicleRegDetailsTest" time="8.271" classname="com.identity.etoe.tests.VehicleRegDetailsTest"/>
  <testcase name="vehicleRegDetailsTest" time="7.41" classname="com.identity.etoe.tests.VehicleRegDetailsTest"/>
  <testcase name="vehicleRegDetailsTest" time="7.01" classname="com.identity.etoe.tests.VehicleRegDetailsTest"/>
</testsuite> <!-- Property Search -->
